[debug] [2025-05-05T22:33:53.882Z] ----------------------------------------------------------------------
[debug] [2025-05-05T22:33:53.888Z] Command:       /usr/local/bin/node /Users/zakariyediriye/.npm-global/bin/firebase functions:secrets:set GEMINI_KEY
[debug] [2025-05-05T22:33:53.888Z] CLI Version:   14.2.2
[debug] [2025-05-05T22:33:53.888Z] Platform:      darwin
[debug] [2025-05-05T22:33:53.888Z] Node Version:  v21.6.2
[debug] [2025-05-05T22:33:53.889Z] Time:          Mon May 05 2025 23:33:53 GMT+0100 (British Summer Time)
[debug] [2025-05-05T22:33:53.889Z] ----------------------------------------------------------------------
[debug] 
[debug] [2025-05-05T22:33:54.048Z] > command requires scopes: ["email","openid","https://www.googleapis.com/auth/cloudplatformprojects.readonly","https://www.googleapis.com/auth/firebase","https://www.googleapis.com/auth/cloud-platform"]
[debug] [2025-05-05T22:33:54.049Z] > authorizing via signed-in user (zakariyediriye8@gmail.com)
[debug] [2025-05-05T22:33:54.050Z] Checked if tokens are valid: false, expires at: 1746476018310
[debug] [2025-05-05T22:33:54.050Z] Checked if tokens are valid: false, expires at: 1746476018310
[debug] [2025-05-05T22:33:54.050Z] > refreshing access token with scopes: []
[debug] [2025-05-05T22:33:54.051Z] >>> [apiv2][query] POST https://www.googleapis.com/oauth2/v3/token [none]
[debug] [2025-05-05T22:33:54.051Z] >>> [apiv2][body] POST https://www.googleapis.com/oauth2/v3/token [omitted]
[debug] [2025-05-05T22:33:54.250Z] <<< [apiv2][status] POST https://www.googleapis.com/oauth2/v3/token 200
[debug] [2025-05-05T22:33:54.250Z] <<< [apiv2][body] POST https://www.googleapis.com/oauth2/v3/token [omitted]
[debug] [2025-05-05T22:33:54.260Z] >>> [apiv2][query] GET https://serviceusage.googleapis.com/v1/projects/bloom-a0a2b/services/secretmanager.googleapis.com [none]
[debug] [2025-05-05T22:33:54.261Z] >>> [apiv2][(partial)header] GET https://serviceusage.googleapis.com/v1/projects/bloom-a0a2b/services/secretmanager.googleapis.com x-goog-quota-user=projects/bloom-a0a2b
[debug] [2025-05-05T22:33:55.218Z] <<< [apiv2][status] GET https://serviceusage.googleapis.com/v1/projects/bloom-a0a2b/services/secretmanager.googleapis.com 200
[debug] [2025-05-05T22:33:55.218Z] <<< [apiv2][body] GET https://serviceusage.googleapis.com/v1/projects/bloom-a0a2b/services/secretmanager.googleapis.com [omitted]
[debug] [2025-05-05T22:33:55.218Z] > command requires scopes: ["email","openid","https://www.googleapis.com/auth/cloudplatformprojects.readonly","https://www.googleapis.com/auth/firebase","https://www.googleapis.com/auth/cloud-platform"]
[debug] [2025-05-05T22:33:55.219Z] > authorizing via signed-in user (zakariyediriye8@gmail.com)
[debug] [2025-05-05T22:33:55.219Z] [iam] checking project bloom-a0a2b for permissions ["firebase.projects.get","secretmanager.secrets.create","secretmanager.secrets.get","secretmanager.secrets.update","secretmanager.versions.add"]
[debug] [2025-05-05T22:33:55.219Z] Checked if tokens are valid: true, expires at: 1746488033250
[debug] [2025-05-05T22:33:55.219Z] Checked if tokens are valid: true, expires at: 1746488033250
[debug] [2025-05-05T22:33:55.219Z] >>> [apiv2][query] POST https://cloudresourcemanager.googleapis.com/v1/projects/bloom-a0a2b:testIamPermissions [none]
[debug] [2025-05-05T22:33:55.219Z] >>> [apiv2][(partial)header] POST https://cloudresourcemanager.googleapis.com/v1/projects/bloom-a0a2b:testIamPermissions x-goog-quota-user=projects/bloom-a0a2b
[debug] [2025-05-05T22:33:55.220Z] >>> [apiv2][body] POST https://cloudresourcemanager.googleapis.com/v1/projects/bloom-a0a2b:testIamPermissions {"permissions":["firebase.projects.get","secretmanager.secrets.create","secretmanager.secrets.get","secretmanager.secrets.update","secretmanager.versions.add"]}
[debug] [2025-05-05T22:33:55.878Z] <<< [apiv2][status] POST https://cloudresourcemanager.googleapis.com/v1/projects/bloom-a0a2b:testIamPermissions 200
[debug] [2025-05-05T22:33:55.878Z] <<< [apiv2][body] POST https://cloudresourcemanager.googleapis.com/v1/projects/bloom-a0a2b:testIamPermissions {"permissions":["firebase.projects.get","secretmanager.secrets.create","secretmanager.secrets.get","secretmanager.secrets.update","secretmanager.versions.add"]}
[debug] [2025-05-05T22:33:55.879Z] Checked if tokens are valid: true, expires at: 1746488033250
[debug] [2025-05-05T22:33:55.879Z] Checked if tokens are valid: true, expires at: 1746488033250
[debug] [2025-05-05T22:33:55.879Z] >>> [apiv2][query] GET https://cloudresourcemanager.googleapis.com/v1/projects/bloom-a0a2b [none]
[debug] [2025-05-05T22:33:56.052Z] <<< [apiv2][status] GET https://cloudresourcemanager.googleapis.com/v1/projects/bloom-a0a2b 200
[debug] [2025-05-05T22:33:56.052Z] <<< [apiv2][body] GET https://cloudresourcemanager.googleapis.com/v1/projects/bloom-a0a2b {"projectNumber":"421481885898","projectId":"bloom-a0a2b","lifecycleState":"ACTIVE","name":"Bloom","labels":{"firebase":"enabled","firebase-core":"disabled","generative-language":"enabled"},"createTime":"2025-03-19T15:10:20.936031Z"}
[debug] [2025-05-05T22:33:56.053Z] Checked if tokens are valid: true, expires at: 1746488033250
[debug] [2025-05-05T22:33:56.053Z] Checked if tokens are valid: true, expires at: 1746488033250
[debug] [2025-05-05T22:33:56.053Z] >>> [apiv2][query] GET https://secretmanager.googleapis.com/v1/projects/bloom-a0a2b/secrets/GEMINI_KEY [none]
[debug] [2025-05-05T22:33:56.295Z] <<< [apiv2][status] GET https://secretmanager.googleapis.com/v1/projects/bloom-a0a2b/secrets/GEMINI_KEY 200
[debug] [2025-05-05T22:33:56.295Z] <<< [apiv2][body] GET https://secretmanager.googleapis.com/v1/projects/bloom-a0a2b/secrets/GEMINI_KEY {"name":"projects/421481885898/secrets/GEMINI_KEY","replication":{"automatic":{}},"createTime":"2025-05-05T19:35:56.496337Z","labels":{"firebase-managed":"functions"},"etag":"\"1634689bdd91d1\""}
[debug] [2025-05-05T22:34:04.073Z] Checked if tokens are valid: true, expires at: 1746488033250
[debug] [2025-05-05T22:34:04.074Z] Checked if tokens are valid: true, expires at: 1746488033250
[debug] [2025-05-05T22:34:04.074Z] >>> [apiv2][query] POST https://secretmanager.googleapis.com/v1/projects/bloom-a0a2b/secrets/GEMINI_KEY:addVersion [none]
[debug] [2025-05-05T22:34:04.074Z] >>> [apiv2][body] POST https://secretmanager.googleapis.com/v1/projects/bloom-a0a2b/secrets/GEMINI_KEY:addVersion {"payload":{"data":"dg=="}}
[debug] [2025-05-05T22:34:05.714Z] <<< [apiv2][status] POST https://secretmanager.googleapis.com/v1/projects/bloom-a0a2b/secrets/GEMINI_KEY:addVersion 200
[debug] [2025-05-05T22:34:05.714Z] <<< [apiv2][body] POST https://secretmanager.googleapis.com/v1/projects/bloom-a0a2b/secrets/GEMINI_KEY:addVersion {"name":"projects/421481885898/secrets/GEMINI_KEY/versions/2","createTime":"2025-05-05T22:34:05.582323Z","state":"ENABLED","replicationStatus":{"automatic":{}},"etag":"\"16346b18fc13f3\""}
[info] ✔  Created a new secret version projects/421481885898/secrets/GEMINI_KEY/versions/2 
[debug] [2025-05-05T22:34:05.716Z] Checked if tokens are valid: true, expires at: 1746488033250
[debug] [2025-05-05T22:34:05.716Z] Checked if tokens are valid: true, expires at: 1746488033250
[debug] [2025-05-05T22:34:05.716Z] >>> [apiv2][query] GET https://serviceusage.googleapis.com/v1/projects/bloom-a0a2b/services/cloudfunctions.googleapis.com [none]
[debug] [2025-05-05T22:34:05.717Z] >>> [apiv2][(partial)header] GET https://serviceusage.googleapis.com/v1/projects/bloom-a0a2b/services/cloudfunctions.googleapis.com x-goog-quota-user=projects/bloom-a0a2b
[debug] [2025-05-05T22:34:06.639Z] <<< [apiv2][status] GET https://serviceusage.googleapis.com/v1/projects/bloom-a0a2b/services/cloudfunctions.googleapis.com 200
[debug] [2025-05-05T22:34:06.639Z] <<< [apiv2][body] GET https://serviceusage.googleapis.com/v1/projects/bloom-a0a2b/services/cloudfunctions.googleapis.com [omitted]
[debug] [2025-05-05T22:34:06.640Z] Checked if tokens are valid: true, expires at: 1746488033250
[debug] [2025-05-05T22:34:06.640Z] Checked if tokens are valid: true, expires at: 1746488033250
[debug] [2025-05-05T22:34:06.640Z] >>> [apiv2][query] GET https://cloudfunctions.googleapis.com/v1/projects/bloom-a0a2b/locations/-/functions [none]
[debug] [2025-05-05T22:34:07.353Z] <<< [apiv2][status] GET https://cloudfunctions.googleapis.com/v1/projects/bloom-a0a2b/locations/-/functions 200
[debug] [2025-05-05T22:34:07.353Z] <<< [apiv2][body] GET https://cloudfunctions.googleapis.com/v1/projects/bloom-a0a2b/locations/-/functions {}
[debug] [2025-05-05T22:34:07.353Z] Checked if tokens are valid: true, expires at: 1746488033250
[debug] [2025-05-05T22:34:07.353Z] Checked if tokens are valid: true, expires at: 1746488033250
[debug] [2025-05-05T22:34:07.355Z] >>> [apiv2][query] GET https://cloudfunctions.googleapis.com/v2/projects/bloom-a0a2b/locations/-/functions filter=environment%3D%22GEN_2%22
[debug] [2025-05-05T22:34:08.692Z] <<< [apiv2][status] GET https://cloudfunctions.googleapis.com/v2/projects/bloom-a0a2b/locations/-/functions 200
[debug] [2025-05-05T22:34:08.694Z] <<< [apiv2][body] GET https://cloudfunctions.googleapis.com/v2/projects/bloom-a0a2b/locations/-/functions {"functions":[{"name":"projects/bloom-a0a2b/locations/europe-west2/functions/askPlantQuestion","buildConfig":{"build":"projects/421481885898/locations/europe-west2/builds/07643232-aa49-4c12-b80f-d1b45a269a14","runtime":"nodejs22","entryPoint":"askPlantQuestion","source":{"storageSource":{"bucket":"gcf-v2-sources-421481885898-europe-west2","object":"askPlantQuestion/function-source.zip","generation":"1746473888781475"}},"environmentVariables":{"GOOGLE_NODE_RUN_SCRIPTS":""},"dockerRepository":"projects/bloom-a0a2b/locations/europe-west2/repositories/gcf-artifacts","sourceProvenance":{"resolvedStorageSource":{"bucket":"gcf-v2-sources-421481885898-europe-west2","object":"askPlantQuestion/function-source.zip","generation":"1746473888781475"}},"dockerRegistry":"ARTIFACT_REGISTRY","serviceAccount":"projects/bloom-a0a2b/serviceAccounts/421481885898-compute@developer.gserviceaccount.com","automaticUpdatePolicy":{}},"serviceConfig":{"service":"projects/bloom-a0a2b/locations/europe-west2/services/askplantquestion","timeoutSeconds":60,"environmentVariables":{"FIREBASE_CONFIG":"{\"projectId\":\"bloom-a0a2b\",\"storageBucket\":\"bloom-a0a2b.firebasestorage.app\"}","GCLOUD_PROJECT":"bloom-a0a2b","EVENTARC_CLOUD_EVENT_SOURCE":"projects/bloom-a0a2b/locations/europe-west2/services/askPlantQuestion","FUNCTION_TARGET":"askPlantQuestion","LOG_EXECUTION_ID":"true"},"maxInstanceCount":40,"ingressSettings":"ALLOW_ALL","uri":"https://askplantquestion-oxhlymsysq-nw.a.run.app","serviceAccountEmail":"421481885898-compute@developer.gserviceaccount.com","availableMemory":"256Mi","allTrafficOnLatestRevision":true,"secretEnvironmentVariables":[{"key":"GEMINI_KEY","projectId":"bloom-a0a2b","secret":"GEMINI_KEY","version":"1"}],"revision":"askplantquestion-00004-dak","maxInstanceRequestConcurrency":80,"availableCpu":"1"},"state":"ACTIVE","updateTime":"2025-05-05T19:38:49.807931108Z","labels":{"firebase-functions-hash":"f6e6b5a6a72ea2c11bd1b7b717e37811f24f898f","deployment-tool":"cli-firebase","deployment-callable":"true"},"environment":"GEN_2","url":"https://europe-west2-bloom-a0a2b.cloudfunctions.net/askPlantQuestion","satisfiesPzs":true,"createTime":"2025-05-05T19:20:03.862763303Z","satisfiesPzi":true}]}
[info] i  1 functions are using stale version of secret GEMINI_KEY:
	askPlantQuestion(europe-west2) 
[debug] [2025-05-05T22:36:16.756Z] ----------------------------------------------------------------------
[debug] [2025-05-05T22:36:16.761Z] Command:       /usr/local/bin/node /Users/zakariyediriye/.npm-global/bin/firebase functions:secrets:set GEMINI_KEY
[debug] [2025-05-05T22:36:16.762Z] CLI Version:   14.2.2
[debug] [2025-05-05T22:36:16.762Z] Platform:      darwin
[debug] [2025-05-05T22:36:16.762Z] Node Version:  v21.6.2
[debug] [2025-05-05T22:36:16.762Z] Time:          Mon May 05 2025 23:36:16 GMT+0100 (British Summer Time)
[debug] [2025-05-05T22:36:16.762Z] ----------------------------------------------------------------------
[debug] 
[debug] [2025-05-05T22:36:16.920Z] > command requires scopes: ["email","openid","https://www.googleapis.com/auth/cloudplatformprojects.readonly","https://www.googleapis.com/auth/firebase","https://www.googleapis.com/auth/cloud-platform"]
[debug] [2025-05-05T22:36:16.921Z] > authorizing via signed-in user (zakariyediriye8@gmail.com)
[debug] [2025-05-05T22:36:16.922Z] Checked if tokens are valid: true, expires at: 1746488033250
[debug] [2025-05-05T22:36:16.922Z] Checked if tokens are valid: true, expires at: 1746488033250
[debug] [2025-05-05T22:36:16.923Z] >>> [apiv2][query] GET https://serviceusage.googleapis.com/v1/projects/bloom-a0a2b/services/secretmanager.googleapis.com [none]
[debug] [2025-05-05T22:36:16.923Z] >>> [apiv2][(partial)header] GET https://serviceusage.googleapis.com/v1/projects/bloom-a0a2b/services/secretmanager.googleapis.com x-goog-quota-user=projects/bloom-a0a2b
[debug] [2025-05-05T22:36:17.926Z] <<< [apiv2][status] GET https://serviceusage.googleapis.com/v1/projects/bloom-a0a2b/services/secretmanager.googleapis.com 200
[debug] [2025-05-05T22:36:17.926Z] <<< [apiv2][body] GET https://serviceusage.googleapis.com/v1/projects/bloom-a0a2b/services/secretmanager.googleapis.com [omitted]
[debug] [2025-05-05T22:36:17.926Z] > command requires scopes: ["email","openid","https://www.googleapis.com/auth/cloudplatformprojects.readonly","https://www.googleapis.com/auth/firebase","https://www.googleapis.com/auth/cloud-platform"]
[debug] [2025-05-05T22:36:17.927Z] > authorizing via signed-in user (zakariyediriye8@gmail.com)
[debug] [2025-05-05T22:36:17.927Z] [iam] checking project bloom-a0a2b for permissions ["firebase.projects.get","secretmanager.secrets.create","secretmanager.secrets.get","secretmanager.secrets.update","secretmanager.versions.add"]
[debug] [2025-05-05T22:36:17.927Z] Checked if tokens are valid: true, expires at: 1746488033250
[debug] [2025-05-05T22:36:17.927Z] Checked if tokens are valid: true, expires at: 1746488033250
[debug] [2025-05-05T22:36:17.927Z] >>> [apiv2][query] POST https://cloudresourcemanager.googleapis.com/v1/projects/bloom-a0a2b:testIamPermissions [none]
[debug] [2025-05-05T22:36:17.927Z] >>> [apiv2][(partial)header] POST https://cloudresourcemanager.googleapis.com/v1/projects/bloom-a0a2b:testIamPermissions x-goog-quota-user=projects/bloom-a0a2b
[debug] [2025-05-05T22:36:17.927Z] >>> [apiv2][body] POST https://cloudresourcemanager.googleapis.com/v1/projects/bloom-a0a2b:testIamPermissions {"permissions":["firebase.projects.get","secretmanager.secrets.create","secretmanager.secrets.get","secretmanager.secrets.update","secretmanager.versions.add"]}
[debug] [2025-05-05T22:36:18.631Z] <<< [apiv2][status] POST https://cloudresourcemanager.googleapis.com/v1/projects/bloom-a0a2b:testIamPermissions 200
[debug] [2025-05-05T22:36:18.632Z] <<< [apiv2][body] POST https://cloudresourcemanager.googleapis.com/v1/projects/bloom-a0a2b:testIamPermissions {"permissions":["firebase.projects.get","secretmanager.secrets.create","secretmanager.secrets.get","secretmanager.secrets.update","secretmanager.versions.add"]}
[debug] [2025-05-05T22:36:18.632Z] Checked if tokens are valid: true, expires at: 1746488033250
[debug] [2025-05-05T22:36:18.632Z] Checked if tokens are valid: true, expires at: 1746488033250
[debug] [2025-05-05T22:36:18.632Z] >>> [apiv2][query] GET https://cloudresourcemanager.googleapis.com/v1/projects/bloom-a0a2b [none]
[debug] [2025-05-05T22:36:18.821Z] <<< [apiv2][status] GET https://cloudresourcemanager.googleapis.com/v1/projects/bloom-a0a2b 200
[debug] [2025-05-05T22:36:18.821Z] <<< [apiv2][body] GET https://cloudresourcemanager.googleapis.com/v1/projects/bloom-a0a2b {"projectNumber":"421481885898","projectId":"bloom-a0a2b","lifecycleState":"ACTIVE","name":"Bloom","labels":{"firebase":"enabled","firebase-core":"disabled","generative-language":"enabled"},"createTime":"2025-03-19T15:10:20.936031Z"}
[debug] [2025-05-05T22:36:18.822Z] Checked if tokens are valid: true, expires at: 1746488033250
[debug] [2025-05-05T22:36:18.822Z] Checked if tokens are valid: true, expires at: 1746488033250
[debug] [2025-05-05T22:36:18.822Z] >>> [apiv2][query] GET https://secretmanager.googleapis.com/v1/projects/bloom-a0a2b/secrets/GEMINI_KEY [none]
[debug] [2025-05-05T22:36:19.041Z] <<< [apiv2][status] GET https://secretmanager.googleapis.com/v1/projects/bloom-a0a2b/secrets/GEMINI_KEY 200
[debug] [2025-05-05T22:36:19.041Z] <<< [apiv2][body] GET https://secretmanager.googleapis.com/v1/projects/bloom-a0a2b/secrets/GEMINI_KEY {"name":"projects/421481885898/secrets/GEMINI_KEY","replication":{"automatic":{}},"createTime":"2025-05-05T19:35:56.496337Z","labels":{"firebase-managed":"functions"},"etag":"\"1634689bdd91d1\""}
[debug] [2025-05-05T22:36:23.949Z] Checked if tokens are valid: true, expires at: 1746488033250
[debug] [2025-05-05T22:36:23.949Z] Checked if tokens are valid: true, expires at: 1746488033250
[debug] [2025-05-05T22:36:23.950Z] >>> [apiv2][query] POST https://secretmanager.googleapis.com/v1/projects/bloom-a0a2b/secrets/GEMINI_KEY:addVersion [none]
[debug] [2025-05-05T22:36:23.950Z] >>> [apiv2][body] POST https://secretmanager.googleapis.com/v1/projects/bloom-a0a2b/secrets/GEMINI_KEY:addVersion {"payload":{"data":"QUl6YVN5QWI3MHJDQlNhSzNGU2Z0QUlGOHRQakdOOFNXMld4a1BF"}}
[debug] [2025-05-05T22:36:25.595Z] <<< [apiv2][status] POST https://secretmanager.googleapis.com/v1/projects/bloom-a0a2b/secrets/GEMINI_KEY:addVersion 200
[debug] [2025-05-05T22:36:25.595Z] <<< [apiv2][body] POST https://secretmanager.googleapis.com/v1/projects/bloom-a0a2b/secrets/GEMINI_KEY:addVersion {"name":"projects/421481885898/secrets/GEMINI_KEY/versions/3","createTime":"2025-05-05T22:36:25.482646Z","state":"ENABLED","replicationStatus":{"automatic":{}},"etag":"\"16346b2152c996\""}
[info] ✔  Created a new secret version projects/421481885898/secrets/GEMINI_KEY/versions/3 
[debug] [2025-05-05T22:36:25.596Z] Checked if tokens are valid: true, expires at: 1746488033250
[debug] [2025-05-05T22:36:25.597Z] Checked if tokens are valid: true, expires at: 1746488033250
[debug] [2025-05-05T22:36:25.597Z] >>> [apiv2][query] GET https://serviceusage.googleapis.com/v1/projects/bloom-a0a2b/services/cloudfunctions.googleapis.com [none]
[debug] [2025-05-05T22:36:25.597Z] >>> [apiv2][(partial)header] GET https://serviceusage.googleapis.com/v1/projects/bloom-a0a2b/services/cloudfunctions.googleapis.com x-goog-quota-user=projects/bloom-a0a2b
[debug] [2025-05-05T22:36:26.418Z] <<< [apiv2][status] GET https://serviceusage.googleapis.com/v1/projects/bloom-a0a2b/services/cloudfunctions.googleapis.com 200
[debug] [2025-05-05T22:36:26.418Z] <<< [apiv2][body] GET https://serviceusage.googleapis.com/v1/projects/bloom-a0a2b/services/cloudfunctions.googleapis.com [omitted]
[debug] [2025-05-05T22:36:26.418Z] Checked if tokens are valid: true, expires at: 1746488033250
[debug] [2025-05-05T22:36:26.418Z] Checked if tokens are valid: true, expires at: 1746488033250
[debug] [2025-05-05T22:36:26.419Z] >>> [apiv2][query] GET https://cloudfunctions.googleapis.com/v1/projects/bloom-a0a2b/locations/-/functions [none]
[debug] [2025-05-05T22:36:27.068Z] <<< [apiv2][status] GET https://cloudfunctions.googleapis.com/v1/projects/bloom-a0a2b/locations/-/functions 200
[debug] [2025-05-05T22:36:27.068Z] <<< [apiv2][body] GET https://cloudfunctions.googleapis.com/v1/projects/bloom-a0a2b/locations/-/functions {}
[debug] [2025-05-05T22:36:27.069Z] Checked if tokens are valid: true, expires at: 1746488033250
[debug] [2025-05-05T22:36:27.069Z] Checked if tokens are valid: true, expires at: 1746488033250
[debug] [2025-05-05T22:36:27.069Z] >>> [apiv2][query] GET https://cloudfunctions.googleapis.com/v2/projects/bloom-a0a2b/locations/-/functions filter=environment%3D%22GEN_2%22
[debug] [2025-05-05T22:36:28.052Z] <<< [apiv2][status] GET https://cloudfunctions.googleapis.com/v2/projects/bloom-a0a2b/locations/-/functions 200
[debug] [2025-05-05T22:36:28.052Z] <<< [apiv2][body] GET https://cloudfunctions.googleapis.com/v2/projects/bloom-a0a2b/locations/-/functions {"functions":[{"name":"projects/bloom-a0a2b/locations/europe-west2/functions/askPlantQuestion","buildConfig":{"build":"projects/421481885898/locations/europe-west2/builds/07643232-aa49-4c12-b80f-d1b45a269a14","runtime":"nodejs22","entryPoint":"askPlantQuestion","source":{"storageSource":{"bucket":"gcf-v2-sources-421481885898-europe-west2","object":"askPlantQuestion/function-source.zip","generation":"1746473888781475"}},"environmentVariables":{"GOOGLE_NODE_RUN_SCRIPTS":""},"dockerRepository":"projects/bloom-a0a2b/locations/europe-west2/repositories/gcf-artifacts","sourceProvenance":{"resolvedStorageSource":{"bucket":"gcf-v2-sources-421481885898-europe-west2","object":"askPlantQuestion/function-source.zip","generation":"1746473888781475"}},"dockerRegistry":"ARTIFACT_REGISTRY","serviceAccount":"projects/bloom-a0a2b/serviceAccounts/421481885898-compute@developer.gserviceaccount.com","automaticUpdatePolicy":{}},"serviceConfig":{"service":"projects/bloom-a0a2b/locations/europe-west2/services/askplantquestion","timeoutSeconds":60,"environmentVariables":{"FIREBASE_CONFIG":"{\"projectId\":\"bloom-a0a2b\",\"storageBucket\":\"bloom-a0a2b.firebasestorage.app\"}","GCLOUD_PROJECT":"bloom-a0a2b","EVENTARC_CLOUD_EVENT_SOURCE":"projects/bloom-a0a2b/locations/europe-west2/services/askPlantQuestion","FUNCTION_TARGET":"askPlantQuestion","LOG_EXECUTION_ID":"true"},"maxInstanceCount":40,"ingressSettings":"ALLOW_ALL","uri":"https://askplantquestion-oxhlymsysq-nw.a.run.app","serviceAccountEmail":"421481885898-compute@developer.gserviceaccount.com","availableMemory":"256Mi","allTrafficOnLatestRevision":true,"secretEnvironmentVariables":[{"key":"GEMINI_KEY","projectId":"bloom-a0a2b","secret":"GEMINI_KEY","version":"1"}],"revision":"askplantquestion-00004-dak","maxInstanceRequestConcurrency":80,"availableCpu":"1"},"state":"ACTIVE","updateTime":"2025-05-05T19:38:49.807931108Z","labels":{"firebase-functions-hash":"f6e6b5a6a72ea2c11bd1b7b717e37811f24f898f","deployment-tool":"cli-firebase","deployment-callable":"true"},"environment":"GEN_2","url":"https://europe-west2-bloom-a0a2b.cloudfunctions.net/askPlantQuestion","satisfiesPzs":true,"createTime":"2025-05-05T19:20:03.862763303Z","satisfiesPzi":true}]}
[info] i  1 functions are using stale version of secret GEMINI_KEY:
	askPlantQuestion(europe-west2) 
